PROGRAM START TIME = 04-08-15_10-17-41
Parameters passed to program are as follows:
MESSAGE:  Sabre Security has detected this system may not have rebooted after installing recent updates. Please click "Reboot Now", or click "Postpone Reboot" to defer until later.
MAX WAIT:  7200
RENOTIFY:  3600
POSTPONES:  1
BUTTON OPTION:  1
REBOOT:  1

04/08/15 10:17:42:  REBOOT NOTIFICATION INITIATED, AND PROGRAM IS NOW EXITING WITH CODE 0.

***  Installation Started 04/08/2015 10:17  ***
Title: 
Source: C:\Windows\ccmcache\33\0281_UserNotify_Messaging_R1.EXE | 09-26-2014 | 14:59:58 | 503916
RegDB Key: SOFTWARE\HPES\UserNotifyFlg
RegDB Val: 1
RegDB Name: AttnColor
RegDB Type: 3
RegDB Root: 2
RegDB Old: 1
RegDB Key: SOFTWARE\HPES\UserNotifyFlg
RegDB Val: 1
RegDB Name: btnOptions
RegDB Type: 3
RegDB Root: 2
RegDB Old: 0
RegDB Key: SOFTWARE\HPES\UserNotifyFlg
RegDB Val: 7200
RegDB Name: MaxWait
RegDB Type: 3
RegDB Root: 2
RegDB Old: 300
RegDB Key: SOFTWARE\HPES\UserNotifyFlg
RegDB Val: 1
RegDB Name: PostPones
RegDB Type: 3
RegDB Root: 2
RegDB Old: 0
RegDB Key: SOFTWARE\HPES\UserNotifyFlg
RegDB Val: 1
RegDB Name: Reboot
RegDB Type: 3
RegDB Root: 2
RegDB Old: 1
RegDB Key: SOFTWARE\HPES\UserNotifyFlg
RegDB Val: 1
RegDB Name: ShowMessage
RegDB Type: 3
RegDB Root: 2
RegDB Old: 0
RegDB Key: SOFTWARE\HPES\UserNotifyFlg
RegDB Val: Sabre Security has detected this system may not have rebooted after installing recent updates. Please click "Reboot Now", or click "Postpone Reboot" to defer until later.
RegDB Name: Message
RegDB Root: 2
RegDB Old: There is a pending reboot required for an application installation.
RegDB Key: SOFTWARE\HPES\UserNotifyFlg
RegDB Val: 3600
RegDB Name: ReNotify
RegDB Type: 3
RegDB Root: 2
RegDB Old: 3600
RegDB Key: SOFTWARE\HPES\UserNotifyFlg
RegDB Val: 99
RegDB Name: Response
RegDB Type: 3
RegDB Root: 2
RegDB Old: 1
